{"C:\\Users\\jjjim\\OneDrive\\Documentos\\Universidad\\Decimo Semestre\\Sistemas Multimedia Audiovisuales\\Tutorial1\\src\\avatar\\domain\\Avatar.ts": {"path":"C:\\Users\\jjjim\\OneDrive\\Documentos\\Universidad\\Decimo Semestre\\Sistemas Multimedia Audiovisuales\\Tutorial1\\src\\avatar\\domain\\Avatar.ts","statementMap":{"0":{"start":{"line":4,"column":6},"end":{"line":4,"column":34}},"1":{"start":{"line":7,"column":6},"end":{"line":7,"column":37}},"2":{"start":{"line":10,"column":6},"end":{"line":10,"column":32}},"3":{"start":{"line":13,"column":6},"end":{"line":13,"column":32}},"4":{"start":{"line":1,"column":0},"end":{"line":1,"column":13}}},"fnMap":{"0":{"name":"(anonymous_0)","decl":{"start":{"line":3,"column":4},"end":{"line":3,"column":null}},"loc":{"start":{"line":3,"column":4},"end":{"line":5,"column":5}}},"1":{"name":"(anonymous_1)","decl":{"start":{"line":6,"column":4},"end":{"line":6,"column":25}},"loc":{"start":{"line":6,"column":25},"end":{"line":8,"column":5}}},"2":{"name":"(anonymous_2)","decl":{"start":{"line":9,"column":4},"end":{"line":9,"column":12}},"loc":{"start":{"line":9,"column":12},"end":{"line":11,"column":5}}},"3":{"name":"(anonymous_3)","decl":{"start":{"line":12,"column":4},"end":{"line":12,"column":13}},"loc":{"start":{"line":12,"column":13},"end":{"line":14,"column":5}}}},"branchMap":{},"s":{"0":2,"1":4,"2":1,"3":1,"4":1},"f":{"0":2,"1":4,"2":1,"3":1},"b":{}}
}
